0 info it worked if it ends with ok
1 verbose cli [ '/usr/bin/node', '/usr/bin/npm', 'install', 'default-jdk' ]
2 info using npm@1.3.11
3 info using node@v0.10.21
4 verbose node symlink /usr/bin/node
5 verbose cache add [ 'default-jdk', null ]
6 verbose cache add name=undefined spec="default-jdk" args=["default-jdk",null]
7 verbose parsed url { protocol: null,
7 verbose parsed url   slashes: null,
7 verbose parsed url   auth: null,
7 verbose parsed url   host: null,
7 verbose parsed url   port: null,
7 verbose parsed url   hostname: null,
7 verbose parsed url   hash: null,
7 verbose parsed url   search: null,
7 verbose parsed url   query: null,
7 verbose parsed url   pathname: 'default-jdk',
7 verbose parsed url   path: 'default-jdk',
7 verbose parsed url   href: 'default-jdk' }
8 silly lockFile 68cbd3ab-default-jdk default-jdk
9 verbose lock default-jdk /home/matt/.npm/68cbd3ab-default-jdk.lock
10 silly lockFile 68cbd3ab-default-jdk default-jdk
11 silly lockFile 68cbd3ab-default-jdk default-jdk
12 verbose addNamed [ 'default-jdk', '' ]
13 verbose addNamed [ null, '*' ]
14 silly lockFile b4c99893-default-jdk default-jdk@
15 verbose lock default-jdk@ /home/matt/.npm/b4c99893-default-jdk.lock
16 silly addNameRange { name: 'default-jdk', range: '*', hasData: false }
17 verbose url raw default-jdk
18 verbose url resolving [ 'https://registry.npmjs.org/', './default-jdk' ]
19 verbose url resolved https://registry.npmjs.org/default-jdk
20 info trying registry request attempt 1 at 01:46:09
21 http GET https://registry.npmjs.org/default-jdk
22 http 404 https://registry.npmjs.org/default-jdk
23 silly registry.get cb [ 404,
23 silly registry.get   { server: 'CouchDB/1.3.1 (Erlang OTP/R15B03)',
23 silly registry.get     date: 'Sun, 03 Nov 2013 09:46:13 GMT',
23 silly registry.get     'content-type': 'application/json',
23 silly registry.get     'content-length': '52',
23 silly registry.get     'cache-control': 'must-revalidate' } ]
24 silly lockFile b4c99893-default-jdk default-jdk@
25 silly lockFile b4c99893-default-jdk default-jdk@
26 error 404 'default-jdk' is not in the npm registry.
26 error 404 You should bug the author to publish it
26 error 404
26 error 404 Note that you can also install from a
26 error 404 tarball, folder, or http url, or git url.
27 error System Linux 3.8.0-32-generic
28 error command "/usr/bin/node" "/usr/bin/npm" "install" "default-jdk"
29 error cwd /home/matt/workspace/grouping-exercise
30 error node -v v0.10.21
31 error npm -v 1.3.11
32 error code E404
33 verbose exit [ 1, true ]
